  Boid.cpp
d:\programfiles\programming\_git\toolkit\biped\bipedlibrary\biped\bpd\Core\bpdwindef.h(88): warning C4005: 'WIN_DIRECT2D_FULLSCREEN_WINDOWED': macro redefinition
  D:\ProgramFiles\Programming\_GIT\ToolKit\Biped\BipedLibrary\Biped\bpd/bpdWindow.h(12): note: see previous definition of 'WIN_DIRECT2D_FULLSCREEN_WINDOWED'
d:\programfiles\programming\_git\toolkit\biped\biped\Blackboard.h(76): warning C4346: 'pt_id': dependent name is not a type
  d:\programfiles\programming\_git\toolkit\biped\biped\Blackboard.h(76): note: prefix with 'typename' to indicate a type
d:\programfiles\programming\_git\toolkit\biped\biped\Blackboard.h(76): error C2061: syntax error: identifier 'pt_id'
d:\programfiles\programming\_git\toolkit\biped\biped\Blackboard.h(77): error C2065: 'T': undeclared identifier
d:\programfiles\programming\_git\toolkit\biped\biped\Blackboard.h(77): error C2923: 'Blackboard': 'T' is not a valid template type argument for parameter '_Type'
Boid.cpp(3): error C2062: type 'int' unexpected
Boid.cpp(3): error C2143: syntax error: missing ';' before '{'
Boid.cpp(3): error C2447: '{': missing function header (old-style formal list?)
Boid.cpp(17): error C2988: unrecognizable template declaration/definition
Boid.cpp(17): error C2059: syntax error: 'const'
Boid.cpp(17): error C2143: syntax error: missing ';' before '{'
Boid.cpp(17): error C2447: '{': missing function header (old-style formal list?)
Boid.cpp(18): error C2988: unrecognizable template declaration/definition
Boid.cpp(18): error C2059: syntax error: ')'
Boid.cpp(18): error C2143: syntax error: missing ';' before '{'
Boid.cpp(18): error C2447: '{': missing function header (old-style formal list?)
Boid.cpp(19): error C2988: unrecognizable template declaration/definition
Boid.cpp(19): error C2059: syntax error: ')'
Boid.cpp(19): error C2143: syntax error: missing ';' before '{'
Boid.cpp(19): error C2447: '{': missing function header (old-style formal list?)
Boid.cpp(21): error C3203: 'Boid': unspecialized class template can't be used as a template argument for template parameter 'T', expected a real type
Boid.cpp(22): error C2355: 'this': can only be referenced inside non-static member functions or non-static data member initializers
Boid.cpp(23): error C2355: 'this': can only be referenced inside non-static member functions or non-static data member initializers
Boid.cpp(24): error C3861: 'flock': identifier not found
Boid.cpp(25): error C3861: 'update': identifier not found
Boid.cpp(26): error C3861: 'render': identifier not found
Boid.cpp(27): error C3861: 'borders': identifier not found
Boid.cpp(31): error C2065: 'm_path': undeclared identifier
Boid.cpp(32): error C2065: 'm_currentNode': undeclared identifier
Boid.cpp(33): error C2065: 'dir': undeclared identifier
Boid.cpp(34): error C2065: 'followASTAR': undeclared identifier
Boid.cpp(38): error C2065: 'acceleration': undeclared identifier
Boid.cpp(41): error C3203: 'Boid': unspecialized class template can't be used as a template argument for template parameter 'T', expected a real type
Boid.cpp(42): error C2065: 'followASTAR': undeclared identifier
Boid.cpp(43): error C3861: 'separate': identifier not found
Boid.cpp(44): error C3861: 'align': identifier not found
Boid.cpp(45): error C3861: 'cohesion': identifier not found
Boid.cpp(48): warning C4305: 'argument': truncation from 'double' to 'float'
Boid.cpp(49): warning C4305: 'argument': truncation from 'double' to 'float'
Boid.cpp(55): error C2065: 'm_path': undeclared identifier
Boid.cpp(56): error C2065: 'followASTAR': undeclared identifier
Boid.cpp(58): error C2065: 'position': undeclared identifier
Boid.cpp(58): error C2065: 'm_path': undeclared identifier
Boid.cpp(58): error C2065: 'm_currentNode': undeclared identifier
Boid.cpp(59): error C2065: 'dir': undeclared identifier
Boid.cpp(59): error C2065: 'm_currentNode': undeclared identifier
Boid.cpp(60): error C2065: 'm_currentNode': undeclared identifier
Boid.cpp(61): error C2065: 'm_currentNode': undeclared identifier
Boid.cpp(62): error C2065: 'dir': undeclared identifier
Boid.cpp(64): error C2065: 'm_currentNode': undeclared identifier
Boid.cpp(64): error C2065: 'm_path': undeclared identifier
Boid.cpp(65): error C2065: 'm_currentNode': undeclared identifier
Boid.cpp(66): error C2065: 'dir': undeclared identifier
Boid.cpp(68): error C2065: 'm_path': undeclared identifier
Boid.cpp(68): error C2065: 'm_currentNode': undeclared identifier
Boid.cpp(68): error C3861: 'seek': identifier not found
Boid.cpp(74): error C2065: 'velocity': undeclared identifier
Boid.cpp(74): error C2065: 'acceleration': undeclared identifier
Boid.cpp(75): error C2065: 'velocity': undeclared identifier
Boid.cpp(75): error C2065: 'maxspeed': undeclared identifier
Boid.cpp(76): error C2065: 'position': undeclared identifier
Boid.cpp(76): error C2065: 'velocity': undeclared identifier
Boid.cpp(77): error C2065: 'acceleration': undeclared identifier
Boid.cpp(81): error C2065: 'position': undeclared identifier
Boid.cpp(84): error C2065: 'maxspeed': undeclared identifier
Boid.cpp(86): error C2065: 'velocity': undeclared identifier
Boid.cpp(87): error C2065: 'maxforce': undeclared identifier
Boid.cpp(92): error C2065: 'velocity': undeclared identifier
Boid.cpp(93): error C2065: 'followASTAR': undeclared identifier
Boid.cpp(95): error C2065: 'position': undeclared identifier
Boid.cpp(96): error C2065: 'position': undeclared identifier
Boid.cpp(100): error C2065: 'position': undeclared identifier
Boid.cpp(101): error C2065: 'position': undeclared identifier
Boid.cpp(111): error C2065: 'position': undeclared identifier
Boid.cpp(111): error C2065: 'r': undeclared identifier
Boid.cpp(111): error C2065: 'width': undeclared identifier
Boid.cpp(112): error C2065: 'position': undeclared identifier
Boid.cpp(112): error C2065: 'r': undeclared identifier
Boid.cpp(112): error C2065: 'height': undeclared identifier
Boid.cpp(113): error C2065: 'position': undeclared identifier
Boid.cpp(113): error C2065: 'width': undeclared identifier
Boid.cpp(113): error C2065: 'r': undeclared identifier
Boid.cpp(114): error C2065: 'position': undeclared identifier
Boid.cpp(114): error C2065: 'height': undeclared identifier
Boid.cpp(114): error C2065: 'r': undeclared identifier
Boid.cpp(117): error C3203: 'Boid': unspecialized class template can't be used as a template argument for template parameter 'T', expected a real type
Boid.cpp(123): error C2065: 'position': undeclared identifier
Boid.cpp(125): error C2065: 'position': undeclared identifier
Boid.cpp(136): error C2065: 'maxspeed': undeclared identifier
Boid.cpp(137): error C2065: 'velocity': undeclared identifier
Boid.cpp(138): error C2065: 'maxforce': undeclared identifier
Boid.cpp(143): error C3203: 'Boid': unspecialized class template can't be used as a template argument for template parameter 'T', expected a real type
Boid.cpp(149): error C2065: 'position': undeclared identifier
Boid.cpp(165): error C2065: 'maxspeed': undeclared identifier
Boid.cpp(166): error C2065: 'velocity': undeclared identifier
Boid.cpp(167): error C2065: 'maxforce': undeclared identifier
Boid.cpp(172): error C3203: 'Boid': unspecialized class template can't be used as a template argument for template parameter 'T', expected a real type
Boid.cpp(177): error C2065: 'position': undeclared identifier
  Flock.cpp
d:\programfiles\programming\_git\toolkit\biped\bipedlibrary\biped\bpd\Core\bpdwindef.h(88): warning C4005: 'WIN_DIRECT2D_FULLSCREEN_WINDOWED': macro redefinition
  D:\ProgramFiles\Programming\_GIT\ToolKit\Biped\BipedLibrary\Biped\bpd/bpdWindow.h(12): note: see previous definition of 'WIN_DIRECT2D_FULLSCREEN_WINDOWED'
d:\programfiles\programming\_git\toolkit\biped\biped\Blackboard.h(76): warning C4346: 'pt_id': dependent name is not a type
  d:\programfiles\programming\_git\toolkit\biped\biped\Blackboard.h(76): note: prefix with 'typename' to indicate a type
d:\programfiles\programming\_git\toolkit\biped\biped\Blackboard.h(76): error C2061: syntax error: identifier 'pt_id'
d:\programfiles\programming\_git\toolkit\biped\biped\Blackboard.h(77): error C2065: 'T': undeclared identifier
d:\programfiles\programming\_git\toolkit\biped\biped\Blackboard.h(77): error C2923: 'Blackboard': 'T' is not a valid template type argument for parameter '_Type'
Flock.cpp(3): error C2988: unrecognizable template declaration/definition
Flock.cpp(3): error C2059: syntax error: ')'
Flock.cpp(3): error C2143: syntax error: missing ';' before '{'
Flock.cpp(3): error C2447: '{': missing function header (old-style formal list?)
Flock.cpp(5): error C2988: unrecognizable template declaration/definition
Flock.cpp(5): error C2059: syntax error: ')'
Flock.cpp(5): error C2143: syntax error: missing ';' before '{'
Flock.cpp(5): error C2447: '{': missing function header (old-style formal list?)
Flock.cpp(9): error C2065: 'boids': undeclared identifier
Flock.cpp(10): error C2065: 'boids': undeclared identifier
Flock.cpp(15): error C2065: 'boids': undeclared identifier
Flock.cpp(18): error C2027: use of undefined type 'Boid'
  d:\programfiles\programming\_git\toolkit\biped\biped\Boid.h(12): note: see declaration of 'Boid'
Flock.cpp(19): error C2027: use of undefined type 'Boid'
  d:\programfiles\programming\_git\toolkit\biped\biped\Boid.h(12): note: see declaration of 'Boid'
Flock.cpp(20): error C2065: 'boids': undeclared identifier
Flock.cpp(24): error C2065: 'boids': undeclared identifier
Flock.cpp(25): error C2065: 'boids': undeclared identifier
Flock.cpp(26): error C2065: 'boids': undeclared identifier
Flock.cpp(27): error C2065: 'boids': undeclared identifier
  Main.cpp
d:\programfiles\programming\_git\toolkit\biped\bipedlibrary\biped\bpd\Core\bpdwindef.h(88): warning C4005: 'WIN_DIRECT2D_FULLSCREEN_WINDOWED': macro redefinition
  D:\ProgramFiles\Programming\_GIT\ToolKit\Biped\BipedLibrary\Biped\bpd\bpdWindow.h(12): note: see previous definition of 'WIN_DIRECT2D_FULLSCREEN_WINDOWED'
d:\programfiles\programming\_git\toolkit\biped\biped\Blackboard.h(76): warning C4346: 'pt_id': dependent name is not a type
  d:\programfiles\programming\_git\toolkit\biped\biped\Blackboard.h(76): note: prefix with 'typename' to indicate a type
d:\programfiles\programming\_git\toolkit\biped\biped\Blackboard.h(76): error C2061: syntax error: identifier 'pt_id'
d:\programfiles\programming\_git\toolkit\biped\biped\Blackboard.h(77): error C2065: 'T': undeclared identifier
d:\programfiles\programming\_git\toolkit\biped\biped\Blackboard.h(77): error C2923: 'Blackboard': 'T' is not a valid template type argument for parameter '_Type'
Main.cpp(9): error C2065: 'window': undeclared identifier
Main.cpp(10): error C2065: 'window': undeclared identifier
Main.cpp(11): error C2065: 'window': undeclared identifier
  MainWindow.cpp
d:\programfiles\programming\_git\toolkit\biped\bipedlibrary\biped\bpd\Core\bpdwindef.h(88): warning C4005: 'WIN_DIRECT2D_FULLSCREEN_WINDOWED': macro redefinition
  D:\ProgramFiles\Programming\_GIT\ToolKit\Biped\BipedLibrary\Biped\bpd\bpdWindow.h(12): note: see previous definition of 'WIN_DIRECT2D_FULLSCREEN_WINDOWED'
d:\programfiles\programming\_git\toolkit\biped\biped\Blackboard.h(76): warning C4346: 'pt_id': dependent name is not a type
  d:\programfiles\programming\_git\toolkit\biped\biped\Blackboard.h(76): note: prefix with 'typename' to indicate a type
d:\programfiles\programming\_git\toolkit\biped\biped\Blackboard.h(76): error C2061: syntax error: identifier 'pt_id'
d:\programfiles\programming\_git\toolkit\biped\biped\Blackboard.h(77): error C2065: 'T': undeclared identifier
d:\programfiles\programming\_git\toolkit\biped\biped\Blackboard.h(77): error C2923: 'Blackboard': 'T' is not a valid template type argument for parameter '_Type'
MainWindow.cpp(3): error C2988: unrecognizable template declaration/definition
MainWindow.cpp(3): error C2059: syntax error: ')'
MainWindow.cpp(4): error C4430: missing type specifier - int assumed. Note: C++ does not support default-int
MainWindow.cpp(4): error C2448: 'm_movingObjectType': function-style initializer appears to be a function definition
MainWindow.cpp(21): error C2988: unrecognizable template declaration/definition
MainWindow.cpp(21): error C2059: syntax error: ')'
MainWindow.cpp(21): error C2143: syntax error: missing ';' before '{'
MainWindow.cpp(21): error C2447: '{': missing function header (old-style formal list?)
MainWindow.cpp(25): error C2065: 'm_nodePos': undeclared identifier
MainWindow.cpp(26): error C2065: 'm_nodePos': undeclared identifier
MainWindow.cpp(27): error C2065: 'm_lookatNodeIndex': undeclared identifier
MainWindow.cpp(29): error C2065: 'm_nodePos': undeclared identifier
MainWindow.cpp(30): error C2065: 'm_nodePos': undeclared identifier
MainWindow.cpp(31): error C2065: 'm_nodePos': undeclared identifier
MainWindow.cpp(32): error C2065: 'm_nodePos': undeclared identifier
MainWindow.cpp(33): error C2065: 'm_nodePos': undeclared identifier
MainWindow.cpp(38): error C2065: 'm_nodePos': undeclared identifier
MainWindow.cpp(44): error C2065: 'm_wallPos': undeclared identifier
MainWindow.cpp(45): error C2065: 'm_wallPos': undeclared identifier
MainWindow.cpp(46): error C2065: 'm_wallPos': undeclared identifier
MainWindow.cpp(55): error C2065: 'm_wallPos': undeclared identifier
MainWindow.cpp(56): error C2065: 'm_nodePos': undeclared identifier
MainWindow.cpp(57): error C2065: 'm_nodePos': undeclared identifier
MainWindow.cpp(58): error C2065: 'm_nodePos': undeclared identifier
MainWindow.cpp(59): error C2065: 'm_nodePos': undeclared identifier
MainWindow.cpp(60): error C2065: 'm_nodePos': undeclared identifier
MainWindow.cpp(61): error C2065: 'm_nodePos': undeclared identifier
MainWindow.cpp(62): error C2065: 'm_nodePos': undeclared identifier
MainWindow.cpp(66): error C3861: 'linkNode': identifier not found
MainWindow.cpp(69): error C2065: 'm_wallPos': undeclared identifier
MainWindow.cpp(73): error C2065: 'm_nodePos': undeclared identifier
MainWindow.cpp(74): error C2065: 'm_nodePos': undeclared identifier
MainWindow.cpp(75): error C2065: 'm_lookatNodeIndex': undeclared identifier
MainWindow.cpp(76): error C2065: 'm_lookatNodeIndex': undeclared identifier
MainWindow.cpp(83): error C2065: 'm_nodePos': undeclared identifier
MainWindow.cpp(84): error C2065: 'm_lookatNodeIndex': undeclared identifier
MainWindow.cpp(85): error C2065: 'm_nodePos': undeclared identifier
MainWindow.cpp(85): error C3861: 'linkNode': identifier not found
MainWindow.cpp(87): error C2065: 'm_nodePos': undeclared identifier
MainWindow.cpp(89): error C2065: 'm_nodePos': undeclared identifier
MainWindow.cpp(90): error C2065: 'm_nodePos': undeclared identifier
MainWindow.cpp(91): error C2065: 'm_nodePos': undeclared identifier
MainWindow.cpp(96): error C2065: 'm_nodePos': undeclared identifier
MainWindow.cpp(97): error C2065: 'm_nodePos': undeclared identifier
MainWindow.cpp(103): error C2065: 'm_wallPos': undeclared identifier
MainWindow.cpp(104): error C2065: 'm_wallPos': undeclared identifier
MainWindow.cpp(112): error C2065: 'm_nodePos': undeclared identifier
MainWindow.cpp(113): error C2065: 'm_nodePos': undeclared identifier
MainWindow.cpp(114): error C2065: 'm_nodePos': undeclared identifier
MainWindow.cpp(115): error C2065: 'm_endNodeIndex': undeclared identifier
MainWindow.cpp(115): error C3861: 'CalcPath': identifier not found
MainWindow.cpp(69): warning C4473: 'printf' : not enough arguments passed for format string
  MainWindow.cpp(69): note: placeholders and their parameters expect 1 variadic arguments, but 0 were provided
  MainWindow.cpp(69): note: the missing variadic argument 1 is required by format string '%i'
MainWindow.cpp(87): warning C4473: 'printf' : not enough arguments passed for format string
  MainWindow.cpp(87): note: placeholders and their parameters expect 1 variadic arguments, but 0 were provided
  MainWindow.cpp(87): note: the missing variadic argument 1 is required by format string '%i'
MainWindow.cpp(90): warning C4473: 'printf' : not enough arguments passed for format string
  MainWindow.cpp(90): note: placeholders and their parameters expect 2 variadic arguments, but 0 were provided
  MainWindow.cpp(90): note: the missing variadic argument 1 is required by format string '%f'
MainWindow.cpp(91): warning C4473: 'printf' : not enough arguments passed for format string
  MainWindow.cpp(91): note: placeholders and their parameters expect 2 variadic arguments, but 0 were provided
  MainWindow.cpp(91): note: the missing variadic argument 1 is required by format string '%f'
MainWindow.cpp(129): error C2065: 'm_mousePos': undeclared identifier
MainWindow.cpp(132): error C2065: 'm_nodePos': undeclared identifier
MainWindow.cpp(133): error C2065: 'm_nodePos': undeclared identifier
MainWindow.cpp(134): error C2065: 'm_nodePos': undeclared identifier
MainWindow.cpp(135): error C2065: 'm_nodePos': undeclared identifier
MainWindow.cpp(136): error C2065: 'm_nodePos': undeclared identifier
MainWindow.cpp(137): error C2065: 'm_nodePos': undeclared identifier
MainWindow.cpp(141): error C3861: 'linkNode': identifier not found
MainWindow.cpp(145): error C2065: 'm_nodePos': undeclared identifier
MainWindow.cpp(146): error C2065: 'm_nodePos': undeclared identifier
MainWindow.cpp(151): error C2065: 'm_nodePos': undeclared identifier
MainWindow.cpp(152): error C2065: 'm_nodePos': undeclared identifier
MainWindow.cpp(153): error C2065: 'm_nodePos': undeclared identifier
MainWindow.cpp(154): error C2065: 'm_nodePos': undeclared identifier
MainWindow.cpp(155): error C2065: 'm_nodePos': undeclared identifier
MainWindow.cpp(156): error C2065: 'm_nodePos': undeclared identifier
MainWindow.cpp(157): error C2065: 'm_nodePos': undeclared identifier
MainWindow.cpp(161): error C3861: 'linkNode': identifier not found
MainWindow.cpp(163): error C2065: 'm_wallPos': undeclared identifier
MainWindow.cpp(164): error C2065: 'm_wallPos': undeclared identifier
MainWindow.cpp(165): error C2065: 'm_wallPos': undeclared identifier
MainWindow.cpp(175): error C2065: 'cout': undeclared identifier
MainWindow.cpp(175): error C2065: 'cin': undeclared identifier
MainWindow.cpp(177): error C3861: 'OnCommand': identifier not found
MainWindow.cpp(181): error C2065: 'm_nodePos': undeclared identifier
MainWindow.cpp(182): error C2065: 'm_wallPos': undeclared identifier
MainWindow.cpp(183): error C2065: 'm_path': undeclared identifier
MainWindow.cpp(184): error C2065: 'flock': undeclared identifier
MainWindow.cpp(185): error C2065: 'm_blackboard': undeclared identifier
MainWindow.cpp(189): error C2065: 'm_wallPos': undeclared identifier
MainWindow.cpp(193): error C2065: 'm_nodePos': undeclared identifier
MainWindow.cpp(194): error C2065: 'm_path': undeclared identifier
MainWindow.cpp(195): error C2065: 'flock': undeclared identifier
MainWindow.cpp(196): error C2065: 'm_blackboard': undeclared identifier
MainWindow.cpp(201): error C2065: 'm_nodePos': undeclared identifier
MainWindow.cpp(202): error C2065: 'm_nodePos': undeclared identifier
MainWindow.cpp(202): error C2065: 'm_mousePos': undeclared identifier
MainWindow.cpp(203): error C2065: 'flock': undeclared identifier
MainWindow.cpp(203): error C2955: 'Boid': use of class template requires template argument list
  d:\programfiles\programming\_git\toolkit\biped\biped\Boid.h(12): note: see declaration of 'Boid'
MainWindow.cpp(203): error C2065: 'm_mousePos': undeclared identifier
MainWindow.cpp(203): error C2065: 'm_path': undeclared identifier
MainWindow.cpp(204): error C2065: 'm_blackboard': undeclared identifier
MainWindow.cpp(207): error C2065: 'm_nodePos': undeclared identifier
MainWindow.cpp(207): error C2065: 'flock': undeclared identifier
MainWindow.cpp(207): error C2955: 'Boid': use of class template requires template argument list
  d:\programfiles\programming\_git\toolkit\biped\biped\Boid.h(12): note: see declaration of 'Boid'
MainWindow.cpp(207): error C2065: 'm_mousePos': undeclared identifier
MainWindow.cpp(210): error C3861: 'PlaceNodeGrid': identifier not found
MainWindow.cpp(220): error C2065: 'm_nodePos': undeclared identifier
MainWindow.cpp(220): fatal error C1003: error count exceeds 100; stopping compilation
